2019-02-28 20:07:17,601 - BrowserEngine - INFO - You had select Chrome browser.
2019-02-28 20:07:17,601 - BrowserEngine - INFO - The test server url is: http://127.0.0.1:81/forum.php
2019-02-28 20:07:20,260 - BrowserEngine - INFO - starting chrome browser.
2019-02-28 20:07:22,848 - BrowserEngine - INFO - open url:http://127.0.0.1:81/forum.php
2019-02-28 20:07:23,981 - BrowserEngine - INFO - Maximize the current window
2019-02-28 20:07:23,981 - BrowserEngine - INFO - set implicitly wait 10 seconds
2019-02-28 20:07:24,176 - basepage - INFO - 输入内容sunkai
2019-02-28 20:07:24,355 - basepage - INFO - 输入内容19960618
2019-02-28 20:07:24,529 - basepage - INFO - the element 登录 was clicked
2019-02-28 20:07:26,770 - basepage - INFO - the element  was clicked
2019-02-28 20:07:27,146 - basepage - INFO - the element 删除 was clicked
2019-02-28 20:07:28,744 - basepage - INFO - the element 管理中心 was clicked
2019-02-28 20:07:39,970 - basepage - INFO - the element 论坛 was clicked
2019-02-28 20:07:40,678 - basepage - INFO - the element 添加新版块 was clicked
2019-02-28 20:07:44,453 - basepage - INFO - 输入内容lixiuzhi
2019-02-28 20:07:44,638 - basepage - INFO - 输入内容19970803
2019-02-28 20:07:44,794 - basepage - INFO - the element 登录 was clicked
2019-02-28 20:07:48,043 - basepage - INFO - 输入内容1234568789
2019-02-28 20:07:48,307 - basepage - INFO - 输入内容hahahahahahaha
2019-02-28 20:07:48,602 - basepage - INFO - the element 发表帖子 was clicked
2019-02-28 20:07:50,271 - basepage - INFO - the element  was clicked
2019-02-28 20:07:50,653 - basepage - INFO - 输入内容good!!!!!!!!!!
2019-02-28 20:07:51,058 - basepage - INFO - the element 参与/回复主题 was clicked
